20:55:23.637 Demo [main] INFO  com.zcw.blog.BlogApplication - Starting BlogApplication on DESKTOP-PQUAPOF with PID 10216 (started by zcw in D:\workspace_blog\后端\blog)
20:55:23.643 Demo [main] INFO  com.zcw.blog.BlogApplication - No active profile set, falling back to default profiles: default
20:55:26.062 Demo [main] INFO  o.s.b.w.e.tomcat.TomcatWebServer - Tomcat initialized with port(s): 8081 (http)
20:55:26.077 Demo [main] INFO  o.a.coyote.http11.Http11NioProtocol - Initializing ProtocolHandler ["http-nio-8081"]
20:55:26.085 Demo [main] INFO  o.a.catalina.core.StandardService - Starting service [Tomcat]
20:55:26.086 Demo [main] INFO  o.a.catalina.core.StandardEngine - Starting Servlet engine: [Apache Tomcat/9.0.16]
20:55:26.093 Demo [main] INFO  o.a.c.core.AprLifecycleListener - The APR based Apache Tomcat Native library which allows optimal performance in production environments was not found on the java.library.path: [C:\Program Files\Java\jdk1.8.0_77\bin;C:\WINDOWS\Sun\Java\bin;C:\WINDOWS\system32;C:\WINDOWS;D:\Program Files\Python\Python37-32\Scripts\;D:\Program Files\Python\Python37-32\;C:\Program Files (x86)\Common Files\Oracle\Java\javapath;C:\ProgramData\Oracle\Java\javapath;C:\Program Files (x86)\Intel\iCLS Client\;C:\Program Files\Intel\iCLS Client\;C:\Windows\system32;C:\Windows;C:\Windows\System32\Wbem;C:\Windows\System32\WindowsPowerShell\v1.0\;C:\Program Files (x86)\NVIDIA Corporation\PhysX\Common;C:\Program Files (x86)\Intel\Intel(R) Management Engine Components\DAL;C:\Program Files\Intel\Intel(R) Management Engine Components\DAL;C:\Program Files (x86)\Intel\Intel(R) Management Engine Components\IPT;C:\Program Files\Intel\Intel(R) Management Engine Components\IPT;C:\Program Files\Intel\WiFi\bin\;C:\Program Files\Common Files\Intel\WirelessCommon\;C:\Program Files\Java\jdk1.8.0_77\bin;C:\Program Files\Java\jdk1.8.0_77\jre\bin;E:\sdk\platform-tools;E:\sdk\ndk-bundle;D:\Program Files\MySQL\MySQL Server 5.5\bin;E:\GreenSoft\apache-maven-3.5.0-bin\apache-maven-3.5.0\bin;d:\Program Files\Git\cmd;D:\Program Files\nodejs\;C:\WINDOWS\system32;C:\WINDOWS;C:\WINDOWS\System32\Wbem;C:\WINDOWS\System32\WindowsPowerShell\v1.0\;C:\WINDOWS\System32\OpenSSH\;D:\Program Files\nodejs\node_modules\lib;;d:\Program Files\Microsoft VS Code\bin;C:\Program Files\NVIDIA Corporation\NVIDIA NvDLISR;D:\Program Files\Mercurial\;C:\WINDOWS\system32;C:\WINDOWS;C:\WINDOWS\System32\Wbem;C:\WINDOWS\System32\WindowsPowerShell\v1.0\;C:\WINDOWS\System32\OpenSSH\;C:\Program Files (x86)\Microsoft Visual Studio\Common\Tools\WinNT;C:\Program Files (x86)\Microsoft Visual Studio\Common\MSDev98\Bin;C:\Program Files (x86)\Microsoft Visual Studio\Common\Tools;C:\Program Files (x86)\Microsoft Visual Studio\VC98\bin;C:\Users\hasee\AppData\Local\Microsoft\WindowsApps;C:\Program Files\Intel\WiFi\bin\;C:\Program Files\Common Files\Intel\WirelessCommon\;d:\Program Files\Microsoft VS Code\bin;C:\Users\hasee\AppData\Roaming\npm;d:\Program Files\JetBrains\IntelliJ IDEA Community Edition 2019.3\bin;C:\Users\hasee\AppData\Local\GitHubDesktop\bin;.]
20:55:26.236 Demo [main] INFO  o.a.c.c.C.[Tomcat].[localhost].[/] - Initializing Spring embedded WebApplicationContext
20:55:26.237 Demo [main] INFO  o.s.web.context.ContextLoader - Root WebApplicationContext: initialization completed in 2415 ms
20:55:26.480 Demo [main] INFO  o.a.catalina.core.StandardService - Stopping service [Tomcat]
20:55:26.510 Demo [main] INFO  o.s.b.a.l.ConditionEvaluationReportLoggingListener - 

Error starting ApplicationContext. To display the conditions report re-run your application with 'debug' enabled.
20:56:17.177 Demo [main] INFO  com.zcw.blog.BlogApplication - Starting BlogApplication on DESKTOP-PQUAPOF with PID 16184 (started by zcw in D:\workspace_blog\后端\blog)
20:56:17.182 Demo [main] INFO  com.zcw.blog.BlogApplication - No active profile set, falling back to default profiles: default
20:56:18.871 Demo [main] INFO  o.s.b.w.e.tomcat.TomcatWebServer - Tomcat initialized with port(s): 8081 (http)
20:56:18.886 Demo [main] INFO  o.a.coyote.http11.Http11NioProtocol - Initializing ProtocolHandler ["http-nio-8081"]
20:56:18.895 Demo [main] INFO  o.a.catalina.core.StandardService - Starting service [Tomcat]
20:56:18.895 Demo [main] INFO  o.a.catalina.core.StandardEngine - Starting Servlet engine: [Apache Tomcat/9.0.16]
20:56:18.902 Demo [main] INFO  o.a.c.core.AprLifecycleListener - The APR based Apache Tomcat Native library which allows optimal performance in production environments was not found on the java.library.path: [C:\Program Files\Java\jdk1.8.0_77\bin;C:\WINDOWS\Sun\Java\bin;C:\WINDOWS\system32;C:\WINDOWS;D:\Program Files\Python\Python37-32\Scripts\;D:\Program Files\Python\Python37-32\;C:\Program Files (x86)\Common Files\Oracle\Java\javapath;C:\ProgramData\Oracle\Java\javapath;C:\Program Files (x86)\Intel\iCLS Client\;C:\Program Files\Intel\iCLS Client\;C:\Windows\system32;C:\Windows;C:\Windows\System32\Wbem;C:\Windows\System32\WindowsPowerShell\v1.0\;C:\Program Files (x86)\NVIDIA Corporation\PhysX\Common;C:\Program Files (x86)\Intel\Intel(R) Management Engine Components\DAL;C:\Program Files\Intel\Intel(R) Management Engine Components\DAL;C:\Program Files (x86)\Intel\Intel(R) Management Engine Components\IPT;C:\Program Files\Intel\Intel(R) Management Engine Components\IPT;C:\Program Files\Intel\WiFi\bin\;C:\Program Files\Common Files\Intel\WirelessCommon\;C:\Program Files\Java\jdk1.8.0_77\bin;C:\Program Files\Java\jdk1.8.0_77\jre\bin;E:\sdk\platform-tools;E:\sdk\ndk-bundle;D:\Program Files\MySQL\MySQL Server 5.5\bin;E:\GreenSoft\apache-maven-3.5.0-bin\apache-maven-3.5.0\bin;d:\Program Files\Git\cmd;D:\Program Files\nodejs\;C:\WINDOWS\system32;C:\WINDOWS;C:\WINDOWS\System32\Wbem;C:\WINDOWS\System32\WindowsPowerShell\v1.0\;C:\WINDOWS\System32\OpenSSH\;D:\Program Files\nodejs\node_modules\lib;;d:\Program Files\Microsoft VS Code\bin;C:\Program Files\NVIDIA Corporation\NVIDIA NvDLISR;D:\Program Files\Mercurial\;C:\WINDOWS\system32;C:\WINDOWS;C:\WINDOWS\System32\Wbem;C:\WINDOWS\System32\WindowsPowerShell\v1.0\;C:\WINDOWS\System32\OpenSSH\;C:\Program Files (x86)\Microsoft Visual Studio\Common\Tools\WinNT;C:\Program Files (x86)\Microsoft Visual Studio\Common\MSDev98\Bin;C:\Program Files (x86)\Microsoft Visual Studio\Common\Tools;C:\Program Files (x86)\Microsoft Visual Studio\VC98\bin;C:\Users\hasee\AppData\Local\Microsoft\WindowsApps;C:\Program Files\Intel\WiFi\bin\;C:\Program Files\Common Files\Intel\WirelessCommon\;d:\Program Files\Microsoft VS Code\bin;C:\Users\hasee\AppData\Roaming\npm;d:\Program Files\JetBrains\IntelliJ IDEA Community Edition 2019.3\bin;C:\Users\hasee\AppData\Local\GitHubDesktop\bin;.]
20:56:19.022 Demo [main] INFO  o.a.c.c.C.[Tomcat].[localhost].[/] - Initializing Spring embedded WebApplicationContext
20:56:19.023 Demo [main] INFO  o.s.web.context.ContextLoader - Root WebApplicationContext: initialization completed in 1765 ms
20:56:19.145 Demo [main] INFO  o.a.catalina.core.StandardService - Stopping service [Tomcat]
20:56:19.181 Demo [main] INFO  o.s.b.a.l.ConditionEvaluationReportLoggingListener - 

Error starting ApplicationContext. To display the conditions report re-run your application with 'debug' enabled.
20:58:02.401 Demo [main] INFO  com.zcw.blog.BlogApplication - Starting BlogApplication on DESKTOP-PQUAPOF with PID 16860 (started by zcw in D:\workspace_blog\后端\blog)
20:58:02.405 Demo [main] INFO  com.zcw.blog.BlogApplication - No active profile set, falling back to default profiles: default
20:58:03.969 Demo [main] INFO  o.s.b.w.e.tomcat.TomcatWebServer - Tomcat initialized with port(s): 8081 (http)
20:58:03.983 Demo [main] INFO  o.a.coyote.http11.Http11NioProtocol - Initializing ProtocolHandler ["http-nio-8081"]
20:58:03.993 Demo [main] INFO  o.a.catalina.core.StandardService - Starting service [Tomcat]
20:58:03.993 Demo [main] INFO  o.a.catalina.core.StandardEngine - Starting Servlet engine: [Apache Tomcat/9.0.16]
20:58:03.999 Demo [main] INFO  o.a.c.core.AprLifecycleListener - The APR based Apache Tomcat Native library which allows optimal performance in production environments was not found on the java.library.path: [C:\Program Files\Java\jdk1.8.0_77\bin;C:\WINDOWS\Sun\Java\bin;C:\WINDOWS\system32;C:\WINDOWS;D:\Program Files\Python\Python37-32\Scripts\;D:\Program Files\Python\Python37-32\;C:\Program Files (x86)\Common Files\Oracle\Java\javapath;C:\ProgramData\Oracle\Java\javapath;C:\Program Files (x86)\Intel\iCLS Client\;C:\Program Files\Intel\iCLS Client\;C:\Windows\system32;C:\Windows;C:\Windows\System32\Wbem;C:\Windows\System32\WindowsPowerShell\v1.0\;C:\Program Files (x86)\NVIDIA Corporation\PhysX\Common;C:\Program Files (x86)\Intel\Intel(R) Management Engine Components\DAL;C:\Program Files\Intel\Intel(R) Management Engine Components\DAL;C:\Program Files (x86)\Intel\Intel(R) Management Engine Components\IPT;C:\Program Files\Intel\Intel(R) Management Engine Components\IPT;C:\Program Files\Intel\WiFi\bin\;C:\Program Files\Common Files\Intel\WirelessCommon\;C:\Program Files\Java\jdk1.8.0_77\bin;C:\Program Files\Java\jdk1.8.0_77\jre\bin;E:\sdk\platform-tools;E:\sdk\ndk-bundle;D:\Program Files\MySQL\MySQL Server 5.5\bin;E:\GreenSoft\apache-maven-3.5.0-bin\apache-maven-3.5.0\bin;d:\Program Files\Git\cmd;D:\Program Files\nodejs\;C:\WINDOWS\system32;C:\WINDOWS;C:\WINDOWS\System32\Wbem;C:\WINDOWS\System32\WindowsPowerShell\v1.0\;C:\WINDOWS\System32\OpenSSH\;D:\Program Files\nodejs\node_modules\lib;;d:\Program Files\Microsoft VS Code\bin;C:\Program Files\NVIDIA Corporation\NVIDIA NvDLISR;D:\Program Files\Mercurial\;C:\WINDOWS\system32;C:\WINDOWS;C:\WINDOWS\System32\Wbem;C:\WINDOWS\System32\WindowsPowerShell\v1.0\;C:\WINDOWS\System32\OpenSSH\;C:\Program Files (x86)\Microsoft Visual Studio\Common\Tools\WinNT;C:\Program Files (x86)\Microsoft Visual Studio\Common\MSDev98\Bin;C:\Program Files (x86)\Microsoft Visual Studio\Common\Tools;C:\Program Files (x86)\Microsoft Visual Studio\VC98\bin;C:\Users\hasee\AppData\Local\Microsoft\WindowsApps;C:\Program Files\Intel\WiFi\bin\;C:\Program Files\Common Files\Intel\WirelessCommon\;d:\Program Files\Microsoft VS Code\bin;C:\Users\hasee\AppData\Roaming\npm;d:\Program Files\JetBrains\IntelliJ IDEA Community Edition 2019.3\bin;C:\Users\hasee\AppData\Local\GitHubDesktop\bin;.]
20:58:04.126 Demo [main] INFO  o.a.c.c.C.[Tomcat].[localhost].[/] - Initializing Spring embedded WebApplicationContext
20:58:04.126 Demo [main] INFO  o.s.web.context.ContextLoader - Root WebApplicationContext: initialization completed in 1647 ms
20:58:04.247 Demo [main] INFO  o.a.catalina.core.StandardService - Stopping service [Tomcat]
20:58:04.277 Demo [main] INFO  o.s.b.a.l.ConditionEvaluationReportLoggingListener - 

Error starting ApplicationContext. To display the conditions report re-run your application with 'debug' enabled.
21:36:13.942 Demo [main] INFO  com.zcw.blog.BlogApplication - Starting BlogApplication on DESKTOP-PQUAPOF with PID 12124 (started by zcw in D:\workspace_blog\后端\blog)
21:36:13.946 Demo [main] INFO  com.zcw.blog.BlogApplication - No active profile set, falling back to default profiles: default
21:36:16.295 Demo [main] INFO  o.s.b.w.e.tomcat.TomcatWebServer - Tomcat initialized with port(s): 8081 (http)
21:36:16.322 Demo [main] INFO  o.a.coyote.http11.Http11NioProtocol - Initializing ProtocolHandler ["http-nio-8081"]
21:36:16.334 Demo [main] INFO  o.a.catalina.core.StandardService - Starting service [Tomcat]
21:36:16.335 Demo [main] INFO  o.a.catalina.core.StandardEngine - Starting Servlet engine: [Apache Tomcat/9.0.16]
21:36:16.347 Demo [main] INFO  o.a.c.core.AprLifecycleListener - The APR based Apache Tomcat Native library which allows optimal performance in production environments was not found on the java.library.path: [C:\Program Files\Java\jdk1.8.0_77\bin;C:\WINDOWS\Sun\Java\bin;C:\WINDOWS\system32;C:\WINDOWS;D:\Program Files\Python\Python37-32\Scripts\;D:\Program Files\Python\Python37-32\;C:\Program Files (x86)\Common Files\Oracle\Java\javapath;C:\ProgramData\Oracle\Java\javapath;C:\Program Files (x86)\Intel\iCLS Client\;C:\Program Files\Intel\iCLS Client\;C:\Windows\system32;C:\Windows;C:\Windows\System32\Wbem;C:\Windows\System32\WindowsPowerShell\v1.0\;C:\Program Files (x86)\NVIDIA Corporation\PhysX\Common;C:\Program Files (x86)\Intel\Intel(R) Management Engine Components\DAL;C:\Program Files\Intel\Intel(R) Management Engine Components\DAL;C:\Program Files (x86)\Intel\Intel(R) Management Engine Components\IPT;C:\Program Files\Intel\Intel(R) Management Engine Components\IPT;C:\Program Files\Intel\WiFi\bin\;C:\Program Files\Common Files\Intel\WirelessCommon\;C:\Program Files\Java\jdk1.8.0_77\bin;C:\Program Files\Java\jdk1.8.0_77\jre\bin;E:\sdk\platform-tools;E:\sdk\ndk-bundle;D:\Program Files\MySQL\MySQL Server 5.5\bin;E:\GreenSoft\apache-maven-3.5.0-bin\apache-maven-3.5.0\bin;d:\Program Files\Git\cmd;D:\Program Files\nodejs\;C:\WINDOWS\system32;C:\WINDOWS;C:\WINDOWS\System32\Wbem;C:\WINDOWS\System32\WindowsPowerShell\v1.0\;C:\WINDOWS\System32\OpenSSH\;D:\Program Files\nodejs\node_modules\lib;;d:\Program Files\Microsoft VS Code\bin;C:\Program Files\NVIDIA Corporation\NVIDIA NvDLISR;D:\Program Files\Mercurial\;C:\WINDOWS\system32;C:\WINDOWS;C:\WINDOWS\System32\Wbem;C:\WINDOWS\System32\WindowsPowerShell\v1.0\;C:\WINDOWS\System32\OpenSSH\;C:\Program Files (x86)\Microsoft Visual Studio\Common\Tools\WinNT;C:\Program Files (x86)\Microsoft Visual Studio\Common\MSDev98\Bin;C:\Program Files (x86)\Microsoft Visual Studio\Common\Tools;C:\Program Files (x86)\Microsoft Visual Studio\VC98\bin;C:\Users\hasee\AppData\Local\Microsoft\WindowsApps;C:\Program Files\Intel\WiFi\bin\;C:\Program Files\Common Files\Intel\WirelessCommon\;d:\Program Files\Microsoft VS Code\bin;C:\Users\hasee\AppData\Roaming\npm;d:\Program Files\JetBrains\IntelliJ IDEA Community Edition 2019.3\bin;C:\Users\hasee\AppData\Local\GitHubDesktop\bin;.]
21:36:16.600 Demo [main] INFO  o.a.c.c.C.[Tomcat].[localhost].[/] - Initializing Spring embedded WebApplicationContext
21:36:16.601 Demo [main] INFO  o.s.web.context.ContextLoader - Root WebApplicationContext: initialization completed in 2558 ms
21:36:17.013 Demo [main] INFO  c.a.d.s.b.a.DruidDataSourceAutoConfigure - Init DruidDataSource
21:36:17.358 Demo [main] INFO  c.alibaba.druid.pool.DruidDataSource - {dataSource-1} inited
21:36:18.125 Demo [main] INFO  o.s.s.c.ThreadPoolTaskExecutor - Initializing ExecutorService 'applicationTaskExecutor'
21:36:18.628 Demo [main] INFO  o.a.coyote.http11.Http11NioProtocol - Starting ProtocolHandler ["http-nio-8081"]
21:36:18.674 Demo [main] INFO  o.s.b.w.e.tomcat.TomcatWebServer - Tomcat started on port(s): 8081 (http) with context path ''
21:36:18.678 Demo [main] INFO  com.zcw.blog.BlogApplication - Started BlogApplication in 5.532 seconds (JVM running for 7.274)
21:36:26.158 Demo [http-nio-8081-exec-2] INFO  o.a.c.c.C.[Tomcat].[localhost].[/] - Initializing Spring DispatcherServlet 'dispatcherServlet'
21:36:26.158 Demo [http-nio-8081-exec-2] INFO  o.s.web.servlet.DispatcherServlet - Initializing Servlet 'dispatcherServlet'
21:36:26.169 Demo [http-nio-8081-exec-2] INFO  o.s.web.servlet.DispatcherServlet - Completed initialization in 11 ms
22:22:13.108 Demo [main] INFO  com.zcw.blog.SSOApplication - Starting SSOApplication on DESKTOP-PQUAPOF with PID 10616 (started by zcw in D:\workspace_blog\后端\blog)
22:22:13.115 Demo [main] INFO  com.zcw.blog.SSOApplication - No active profile set, falling back to default profiles: default
22:22:15.995 Demo [main] INFO  o.s.b.w.e.tomcat.TomcatWebServer - Tomcat initialized with port(s): 8082 (http)
22:22:16.015 Demo [main] INFO  o.a.coyote.http11.Http11NioProtocol - Initializing ProtocolHandler ["http-nio-8082"]
22:22:16.025 Demo [main] INFO  o.a.catalina.core.StandardService - Starting service [Tomcat]
22:22:16.025 Demo [main] INFO  o.a.catalina.core.StandardEngine - Starting Servlet engine: [Apache Tomcat/9.0.16]
22:22:16.034 Demo [main] INFO  o.a.c.core.AprLifecycleListener - The APR based Apache Tomcat Native library which allows optimal performance in production environments was not found on the java.library.path: [C:\Program Files\Java\jdk1.8.0_77\bin;C:\WINDOWS\Sun\Java\bin;C:\WINDOWS\system32;C:\WINDOWS;D:\Program Files\Python\Python37-32\Scripts\;D:\Program Files\Python\Python37-32\;C:\Program Files (x86)\Common Files\Oracle\Java\javapath;C:\ProgramData\Oracle\Java\javapath;C:\Program Files (x86)\Intel\iCLS Client\;C:\Program Files\Intel\iCLS Client\;C:\Windows\system32;C:\Windows;C:\Windows\System32\Wbem;C:\Windows\System32\WindowsPowerShell\v1.0\;C:\Program Files (x86)\NVIDIA Corporation\PhysX\Common;C:\Program Files (x86)\Intel\Intel(R) Management Engine Components\DAL;C:\Program Files\Intel\Intel(R) Management Engine Components\DAL;C:\Program Files (x86)\Intel\Intel(R) Management Engine Components\IPT;C:\Program Files\Intel\Intel(R) Management Engine Components\IPT;C:\Program Files\Intel\WiFi\bin\;C:\Program Files\Common Files\Intel\WirelessCommon\;C:\Program Files\Java\jdk1.8.0_77\bin;C:\Program Files\Java\jdk1.8.0_77\jre\bin;E:\sdk\platform-tools;E:\sdk\ndk-bundle;D:\Program Files\MySQL\MySQL Server 5.5\bin;E:\GreenSoft\apache-maven-3.5.0-bin\apache-maven-3.5.0\bin;d:\Program Files\Git\cmd;D:\Program Files\nodejs\;C:\WINDOWS\system32;C:\WINDOWS;C:\WINDOWS\System32\Wbem;C:\WINDOWS\System32\WindowsPowerShell\v1.0\;C:\WINDOWS\System32\OpenSSH\;D:\Program Files\nodejs\node_modules\lib;;d:\Program Files\Microsoft VS Code\bin;C:\Program Files\NVIDIA Corporation\NVIDIA NvDLISR;D:\Program Files\Mercurial\;C:\WINDOWS\system32;C:\WINDOWS;C:\WINDOWS\System32\Wbem;C:\WINDOWS\System32\WindowsPowerShell\v1.0\;C:\WINDOWS\System32\OpenSSH\;C:\Program Files (x86)\Microsoft Visual Studio\Common\Tools\WinNT;C:\Program Files (x86)\Microsoft Visual Studio\Common\MSDev98\Bin;C:\Program Files (x86)\Microsoft Visual Studio\Common\Tools;C:\Program Files (x86)\Microsoft Visual Studio\VC98\bin;C:\Users\hasee\AppData\Local\Microsoft\WindowsApps;C:\Program Files\Intel\WiFi\bin\;C:\Program Files\Common Files\Intel\WirelessCommon\;d:\Program Files\Microsoft VS Code\bin;C:\Users\hasee\AppData\Roaming\npm;d:\Program Files\JetBrains\IntelliJ IDEA Community Edition 2019.3\bin;C:\Users\hasee\AppData\Local\GitHubDesktop\bin;.]
22:22:16.291 Demo [main] INFO  o.a.c.c.C.[Tomcat].[localhost].[/] - Initializing Spring embedded WebApplicationContext
22:22:16.292 Demo [main] INFO  o.s.web.context.ContextLoader - Root WebApplicationContext: initialization completed in 2852 ms
22:22:16.866 Demo [main] INFO  c.a.d.s.b.a.DruidDataSourceAutoConfigure - Init DruidDataSource
22:22:17.186 Demo [main] INFO  c.alibaba.druid.pool.DruidDataSource - {dataSource-1} inited
22:22:17.814 Demo [main] INFO  o.s.s.web.DefaultSecurityFilterChain - Creating filter chain: Ant [pattern='/*.png'], []
22:22:17.866 Demo [main] INFO  o.s.s.web.DefaultSecurityFilterChain - Creating filter chain: any request, [org.springframework.security.web.context.request.async.WebAsyncManagerIntegrationFilter@359066bc, org.springframework.security.web.context.SecurityContextPersistenceFilter@1af4955e, org.springframework.security.web.header.HeaderWriterFilter@5ba90d8a, org.springframework.security.web.authentication.logout.LogoutFilter@65c5bf0e, org.springframework.security.web.authentication.UsernamePasswordAuthenticationFilter@623e0631, org.springframework.security.web.authentication.ui.DefaultLoginPageGeneratingFilter@dd3f8aa, org.springframework.security.web.authentication.ui.DefaultLogoutPageGeneratingFilter@385dfb63, org.springframework.security.web.authentication.www.BasicAuthenticationFilter@5d05f453, org.springframework.security.web.savedrequest.RequestCacheAwareFilter@2c0c4c0a, org.springframework.security.web.servletapi.SecurityContextHolderAwareRequestFilter@35dece42, org.springframework.security.web.authentication.AnonymousAuthenticationFilter@364fd4ae, org.springframework.security.web.session.SessionManagementFilter@7573b9ee, org.springframework.security.web.access.ExceptionTranslationFilter@4ea17147, org.springframework.security.web.access.intercept.FilterSecurityInterceptor@6c977dcf]
22:22:18.093 Demo [main] INFO  o.s.s.c.ThreadPoolTaskExecutor - Initializing ExecutorService 'applicationTaskExecutor'
22:22:18.376 Demo [main] INFO  o.a.coyote.http11.Http11NioProtocol - Starting ProtocolHandler ["http-nio-8082"]
22:22:18.405 Demo [main] INFO  o.s.b.w.e.tomcat.TomcatWebServer - Tomcat started on port(s): 8082 (http) with context path ''
22:22:18.409 Demo [main] INFO  com.zcw.blog.SSOApplication - Started SSOApplication in 6.18 seconds (JVM running for 7.978)
22:22:25.642 Demo [http-nio-8082-exec-1] INFO  o.a.c.c.C.[Tomcat].[localhost].[/] - Initializing Spring DispatcherServlet 'dispatcherServlet'
22:22:25.642 Demo [http-nio-8082-exec-1] INFO  o.s.web.servlet.DispatcherServlet - Initializing Servlet 'dispatcherServlet'
22:22:25.653 Demo [http-nio-8082-exec-1] INFO  o.s.web.servlet.DispatcherServlet - Completed initialization in 11 ms
