20:55:26.639 Demo [main] ERROR o.s.b.d.LoggingFailureAnalysisReporter - 

***************************
APPLICATION FAILED TO START
***************************

Description:

Field articleMapper in com.zcw.blog.service.impl.ArticleServiceImpl required a bean of type 'com.zcw.blog.dao.ArticleMapper' that could not be found.

The injection point has the following annotations:
	- @org.springframework.beans.factory.annotation.Autowired(required=true)


Action:

Consider defining a bean of type 'com.zcw.blog.dao.ArticleMapper' in your configuration.

20:56:19.304 Demo [main] ERROR o.s.b.d.LoggingFailureAnalysisReporter - 

***************************
APPLICATION FAILED TO START
***************************

Description:

Field articleMapper in com.zcw.blog.service.impl.ArticleServiceImpl required a bean of type 'com.zcw.blog.dao.ArticleMapper' that could not be found.

The injection point has the following annotations:
	- @org.springframework.beans.factory.annotation.Autowired(required=true)


Action:

Consider defining a bean of type 'com.zcw.blog.dao.ArticleMapper' in your configuration.

20:58:04.394 Demo [main] ERROR o.s.b.d.LoggingFailureAnalysisReporter - 

***************************
APPLICATION FAILED TO START
***************************

Description:

Field articleMapper in com.zcw.blog.service.impl.ArticleServiceImpl required a bean of type 'com.zcw.blog.dao.ArticleMapper' that could not be found.

The injection point has the following annotations:
	- @org.springframework.beans.factory.annotation.Autowired(required=true)


Action:

Consider defining a bean of type 'com.zcw.blog.dao.ArticleMapper' in your configuration.

